<?xml version="1.0" encoding="UTF-8"?>
<testng-results ignored="3" total="4" passed="1" failed="0" skipped="0">
  <reporter-output>
  </reporter-output>
  <suite started-at="2025-08-09T01:52:23 IST" name="E-commerce Test Suite" finished-at="2025-08-09T01:54:02 IST" duration-ms="99202">
    <groups>
    </groups>
    <test started-at="2025-08-09T01:52:23 IST" name="End-to-End Purchase Flow Test" finished-at="2025-08-09T01:54:02 IST" duration-ms="99202">
      <class name="com.kiboassessment.tests.EndToEndPurchaseTest">
        <test-method is-config="true" signature="setUp()[pri:0, instance:com.kiboassessment.tests.EndToEndPurchaseTest@2c07545f]" started-at="2025-08-09T01:52:23 IST" name="setUp" finished-at="2025-08-09T01:52:25 IST" duration-ms="1996" status="PASS">
          <reporter-output>
          </reporter-output>
        </test-method> <!-- setUp -->
        <test-method signature="testEndToEndPurchaseFlow()[pri:0, instance:com.kiboassessment.tests.EndToEndPurchaseTest@2c07545f]" started-at="2025-08-09T01:52:25 IST" name="testEndToEndPurchaseFlow" description="End-to-End Purchase Flow Test" finished-at="2025-08-09T01:54:02 IST" duration-ms="96713" status="PASS">
          <reporter-output>
          </reporter-output>
        </test-method> <!-- testEndToEndPurchaseFlow -->
        <test-method is-config="true" signature="tearDown()[pri:0, instance:com.kiboassessment.tests.EndToEndPurchaseTest@2c07545f]" started-at="2025-08-09T01:54:02 IST" name="tearDown" finished-at="2025-08-09T01:54:02 IST" duration-ms="236" status="PASS">
          <reporter-output>
          </reporter-output>
        </test-method> <!-- tearDown -->
      </class> <!-- com.kiboassessment.tests.EndToEndPurchaseTest -->
    </test> <!-- End-to-End Purchase Flow Test -->
  </suite> <!-- E-commerce Test Suite -->
</testng-results>
