<?xml version="1.0" encoding="UTF-8"?>
<!-- Generated by org.testng.reporters.JUnitXMLReporter -->
<testsuite ignored="3" hostname="Pratik-Jagdale-DS-MacBook.local" failures="0" tests="1" name="End-to-End Purchase Flow Test" time="99.202" errors="0" timestamp="2025-08-09T01:54:02 IST">
  <testcase classname="com.kiboassessment.tests.EndToEndPurchaseTest" name="testEndToEndPurchaseFlow" time="96.713"/>
  <testcase classname="com.kiboassessment.tests.EndToEndPurchaseTest" name="testAddToCartFunctionality" time="0.0">
    <ignored/>
  </testcase> <!-- testAddToCartFunctionality -->
  <testcase classname="com.kiboassessment.tests.EndToEndPurchaseTest" name="testLoginFunctionality" time="0.0">
    <ignored/>
  </testcase> <!-- testLoginFunctionality -->
  <testcase classname="com.kiboassessment.tests.EndToEndPurchaseTest" name="testProductSearchFunctionality" time="0.0">
    <ignored/>
  </testcase> <!-- testProductSearchFunctionality -->
</testsuite> <!-- End-to-End Purchase Flow Test -->
